2025-04-15 09:34:44,120 - INFO - Successfully connected to Kubernetes API
2025-04-15 09:34:44,146 - INFO - Database setup completed successfully
2025-04-15 09:34:44,171 - INFO - Configuration saved successfully
2025-04-15 09:34:44,173 - INFO - Scheduled automatic cleanup with 30 days retention
2025-04-15 09:34:44,174 - INFO - PodMonitor initialized successfully
2025-04-15 09:34:44,177 - INFO - [31m[1mWARNING: This is a development server. Do not use it in a production deployment. Use a production WSGI server instead.[0m
 * Running on all addresses (0.0.0.0)
 * Running on http://127.0.0.1:5000
 * Running on http://10.244.1.54:5000
2025-04-15 09:34:44,177 - INFO - [33mPress CTRL+C to quit[0m
2025-04-15 09:34:44,687 - INFO - Using container blackbox-exporter for disk usage check in pod blackbox-exporter-7645c7c966-drsjx
2025-04-15 09:34:44,687 - ERROR - Error getting disk usage for pod blackbox-exporter-7645c7c966-drsjx: Got an unexpected keyword argument 'timeout_seconds' to method connect_get_namespaced_pod_exec
2025-04-15 09:34:44,701 - INFO - Metrics saved for pod blackbox-exporter-7645c7c966-drsjx in namespace monitoring
2025-04-15 09:34:44,797 - INFO - Using container podmon-monitor for disk usage check in pod dpl-podmon-778bfd587b-sqpwm
2025-04-15 09:34:44,797 - ERROR - Error getting disk usage for pod dpl-podmon-778bfd587b-sqpwm: Got an unexpected keyword argument 'timeout_seconds' to method connect_get_namespaced_pod_exec
2025-04-15 09:34:44,812 - INFO - Metrics saved for pod dpl-podmon-778bfd587b-sqpwm in namespace monitoring
2025-04-15 09:34:45,002 - INFO - Using container kube-state-metrics for disk usage check in pod kube-state-metrics-66f58b585d-qvzh5
2025-04-15 09:34:45,002 - ERROR - Error getting disk usage for pod kube-state-metrics-66f58b585d-qvzh5: Got an unexpected keyword argument 'timeout_seconds' to method connect_get_namespaced_pod_exec
2025-04-15 09:34:45,016 - INFO - Metrics saved for pod kube-state-metrics-66f58b585d-qvzh5 in namespace monitoring
2025-04-15 09:34:45,115 - INFO - Using container node-exporter for disk usage check in pod node-exporter-48qtz
2025-04-15 09:34:45,115 - ERROR - Error getting disk usage for pod node-exporter-48qtz: Got an unexpected keyword argument 'timeout_seconds' to method connect_get_namespaced_pod_exec
2025-04-15 09:34:45,130 - INFO - Metrics saved for pod node-exporter-48qtz in namespace monitoring
2025-04-15 09:34:45,228 - INFO - Using container node-exporter for disk usage check in pod node-exporter-5bd2g
2025-04-15 09:34:45,228 - ERROR - Error getting disk usage for pod node-exporter-5bd2g: Got an unexpected keyword argument 'timeout_seconds' to method connect_get_namespaced_pod_exec
2025-04-15 09:34:45,242 - INFO - Metrics saved for pod node-exporter-5bd2g in namespace monitoring
2025-04-15 09:34:45,346 - INFO - Using container node-exporter for disk usage check in pod node-exporter-zqtjl
2025-04-15 09:34:45,346 - ERROR - Error getting disk usage for pod node-exporter-zqtjl: Got an unexpected keyword argument 'timeout_seconds' to method connect_get_namespaced_pod_exec
2025-04-15 09:34:45,360 - INFO - Metrics saved for pod node-exporter-zqtjl in namespace monitoring
2025-04-15 09:39:04,698 - INFO - 10.244.0.0 - - [15/Apr/2025 09:39:04] "GET / HTTP/1.1" 200 -
2025-04-15 09:39:04,829 - INFO - 10.244.0.0 - - [15/Apr/2025 09:39:04] "[36mGET /static/css/style.css HTTP/1.1[0m" 304 -
2025-04-15 09:39:04,830 - INFO - 10.244.0.0 - - [15/Apr/2025 09:39:04] "[36mGET /static/js/script.js HTTP/1.1[0m" 304 -
2025-04-15 09:39:04,913 - INFO - 10.244.0.0 - - [15/Apr/2025 09:39:04] "GET /api/config HTTP/1.1" 200 -
2025-04-15 09:39:05,074 - INFO - 10.244.0.0 - - [15/Apr/2025 09:39:05] "GET /api/config HTTP/1.1" 200 -
2025-04-15 09:39:05,280 - INFO - 10.244.0.0 - - [15/Apr/2025 09:39:05] "GET /api/history?days=7 HTTP/1.1" 200 -
2025-04-15 09:39:05,336 - INFO - 10.244.0.0 - - [15/Apr/2025 09:39:05] "GET /api/history?days=7 HTTP/1.1" 200 -
2025-04-15 09:39:08,200 - INFO - 10.244.0.0 - - [15/Apr/2025 09:39:08] "GET /api/nodes HTTP/1.1" 200 -
2025-04-15 09:39:08,544 - INFO - Using container blackbox-exporter for disk usage check in pod blackbox-exporter-7645c7c966-drsjx
2025-04-15 09:39:08,544 - ERROR - Error getting disk usage for pod blackbox-exporter-7645c7c966-drsjx: Got an unexpected keyword argument 'timeout_seconds' to method connect_get_namespaced_pod_exec
2025-04-15 09:39:08,564 - INFO - Metrics saved for pod blackbox-exporter-7645c7c966-drsjx in namespace monitoring
2025-04-15 09:39:13,316 - INFO - 10.244.0.0 - - [15/Apr/2025 09:39:13] "GET /api/nodes HTTP/1.1" 200 -
2025-04-15 09:39:13,392 - INFO - Using container podmon-monitor for disk usage check in pod dpl-podmon-778bfd587b-sqpwm
2025-04-15 09:39:13,392 - ERROR - Error getting disk usage for pod dpl-podmon-778bfd587b-sqpwm: Got an unexpected keyword argument 'timeout_seconds' to method connect_get_namespaced_pod_exec
2025-04-15 09:39:13,406 - INFO - Metrics saved for pod dpl-podmon-778bfd587b-sqpwm in namespace monitoring
2025-04-15 09:39:13,587 - INFO - Using container kube-state-metrics for disk usage check in pod kube-state-metrics-66f58b585d-qvzh5
2025-04-15 09:39:13,587 - ERROR - Error getting disk usage for pod kube-state-metrics-66f58b585d-qvzh5: Got an unexpected keyword argument 'timeout_seconds' to method connect_get_namespaced_pod_exec
2025-04-15 09:39:13,600 - INFO - Metrics saved for pod kube-state-metrics-66f58b585d-qvzh5 in namespace monitoring
2025-04-15 09:39:13,695 - INFO - Using container node-exporter for disk usage check in pod node-exporter-48qtz
2025-04-15 09:39:13,695 - ERROR - Error getting disk usage for pod node-exporter-48qtz: Got an unexpected keyword argument 'timeout_seconds' to method connect_get_namespaced_pod_exec
2025-04-15 09:39:13,708 - INFO - Metrics saved for pod node-exporter-48qtz in namespace monitoring
2025-04-15 09:39:13,881 - INFO - Using container node-exporter for disk usage check in pod node-exporter-5bd2g
2025-04-15 09:39:13,881 - ERROR - Error getting disk usage for pod node-exporter-5bd2g: Got an unexpected keyword argument 'timeout_seconds' to method connect_get_namespaced_pod_exec
2025-04-15 09:39:13,894 - INFO - Metrics saved for pod node-exporter-5bd2g in namespace monitoring
2025-04-15 09:39:14,051 - INFO - Using container node-exporter for disk usage check in pod node-exporter-zqtjl
2025-04-15 09:39:14,052 - ERROR - Error getting disk usage for pod node-exporter-zqtjl: Got an unexpected keyword argument 'timeout_seconds' to method connect_get_namespaced_pod_exec
2025-04-15 09:39:14,075 - INFO - Metrics saved for pod node-exporter-zqtjl in namespace monitoring
2025-04-15 09:39:14,298 - INFO - 10.244.0.0 - - [15/Apr/2025 09:39:14] "GET /api/pods HTTP/1.1" 200 -
2025-04-15 09:39:14,768 - INFO - Using container blackbox-exporter for disk usage check in pod blackbox-exporter-7645c7c966-drsjx
2025-04-15 09:39:14,768 - ERROR - Error getting disk usage for pod blackbox-exporter-7645c7c966-drsjx: Got an unexpected keyword argument 'timeout_seconds' to method connect_get_namespaced_pod_exec
2025-04-15 09:39:14,781 - INFO - Metrics saved for pod blackbox-exporter-7645c7c966-drsjx in namespace monitoring
2025-04-15 09:39:14,877 - INFO - Using container podmon-monitor for disk usage check in pod dpl-podmon-778bfd587b-sqpwm
2025-04-15 09:39:14,877 - ERROR - Error getting disk usage for pod dpl-podmon-778bfd587b-sqpwm: Got an unexpected keyword argument 'timeout_seconds' to method connect_get_namespaced_pod_exec
2025-04-15 09:39:14,890 - INFO - Metrics saved for pod dpl-podmon-778bfd587b-sqpwm in namespace monitoring
2025-04-15 09:39:15,070 - INFO - Using container kube-state-metrics for disk usage check in pod kube-state-metrics-66f58b585d-qvzh5
2025-04-15 09:39:15,070 - ERROR - Error getting disk usage for pod kube-state-metrics-66f58b585d-qvzh5: Got an unexpected keyword argument 'timeout_seconds' to method connect_get_namespaced_pod_exec
2025-04-15 09:39:15,083 - INFO - Metrics saved for pod kube-state-metrics-66f58b585d-qvzh5 in namespace monitoring
2025-04-15 09:39:15,182 - INFO - Using container node-exporter for disk usage check in pod node-exporter-48qtz
2025-04-15 09:39:15,183 - ERROR - Error getting disk usage for pod node-exporter-48qtz: Got an unexpected keyword argument 'timeout_seconds' to method connect_get_namespaced_pod_exec
2025-04-15 09:39:15,196 - INFO - Metrics saved for pod node-exporter-48qtz in namespace monitoring
2025-04-15 09:39:15,295 - INFO - Using container node-exporter for disk usage check in pod node-exporter-5bd2g
2025-04-15 09:39:15,295 - ERROR - Error getting disk usage for pod node-exporter-5bd2g: Got an unexpected keyword argument 'timeout_seconds' to method connect_get_namespaced_pod_exec
2025-04-15 09:39:15,310 - INFO - Metrics saved for pod node-exporter-5bd2g in namespace monitoring
2025-04-15 09:39:15,409 - INFO - Using container node-exporter for disk usage check in pod node-exporter-zqtjl
2025-04-15 09:39:15,409 - ERROR - Error getting disk usage for pod node-exporter-zqtjl: Got an unexpected keyword argument 'timeout_seconds' to method connect_get_namespaced_pod_exec
2025-04-15 09:39:15,423 - INFO - Metrics saved for pod node-exporter-zqtjl in namespace monitoring
2025-04-15 09:39:15,551 - INFO - 10.244.0.0 - - [15/Apr/2025 09:39:15] "GET /api/pods HTTP/1.1" 200 -
2025-04-15 09:48:01,932 - INFO - Successfully connected to Kubernetes API
2025-04-15 09:48:01,945 - INFO - Database setup completed successfully
2025-04-15 09:48:01,958 - INFO - Scheduled automatic cleanup with 30 days retention
2025-04-15 09:48:01,958 - INFO - PodMonitor initialized successfully
2025-04-15 09:48:01,961 - INFO - [31m[1mWARNING: This is a development server. Do not use it in a production deployment. Use a production WSGI server instead.[0m
 * Running on all addresses (0.0.0.0)
 * Running on http://127.0.0.1:5000
 * Running on http://10.244.1.56:5000
2025-04-15 09:48:01,961 - INFO - [33mPress CTRL+C to quit[0m
2025-04-15 09:48:02,477 - INFO - Using container blackbox-exporter for disk usage check in pod blackbox-exporter-7645c7c966-drsjx
2025-04-15 09:48:02,487 - ERROR - Error getting disk usage for pod blackbox-exporter-7645c7c966-drsjx: (400)
Reason: Bad Request
HTTP response headers: HTTPHeaderDict({'Audit-Id': 'a95dca24-55c4-4773-9175-106f741096a7', 'Cache-Control': 'no-cache, private', 'Content-Type': 'application/json', 'Date': 'Tue, 15 Apr 2025 07:48:02 GMT', 'Content-Length': '139'})
HTTP response body: {"kind":"Status","apiVersion":"v1","metadata":{},"status":"Failure","message":"Upgrade request required","reason":"BadRequest","code":400}


2025-04-15 09:48:02,501 - INFO - Metrics saved for pod blackbox-exporter-7645c7c966-drsjx in namespace monitoring
2025-04-15 09:48:02,598 - INFO - Using container podmon-monitor for disk usage check in pod dpl-podmon-77fd46d858-588xs
2025-04-15 09:48:02,608 - ERROR - Error getting disk usage for pod dpl-podmon-77fd46d858-588xs: (400)
Reason: Bad Request
HTTP response headers: HTTPHeaderDict({'Audit-Id': '75e12809-623a-47fe-b479-4ecabaa47e48', 'Cache-Control': 'no-cache, private', 'Content-Type': 'application/json', 'Date': 'Tue, 15 Apr 2025 07:48:02 GMT', 'Content-Length': '139'})
HTTP response body: {"kind":"Status","apiVersion":"v1","metadata":{},"status":"Failure","message":"Upgrade request required","reason":"BadRequest","code":400}


2025-04-15 09:48:02,620 - INFO - Metrics saved for pod dpl-podmon-77fd46d858-588xs in namespace monitoring
2025-04-15 09:48:02,827 - INFO - Using container kube-state-metrics for disk usage check in pod kube-state-metrics-66f58b585d-qvzh5
2025-04-15 09:48:02,838 - ERROR - Error getting disk usage for pod kube-state-metrics-66f58b585d-qvzh5: (400)
Reason: Bad Request
HTTP response headers: HTTPHeaderDict({'Audit-Id': 'f78829b9-b671-4117-b807-79d5a3e797d7', 'Cache-Control': 'no-cache, private', 'Content-Type': 'application/json', 'Date': 'Tue, 15 Apr 2025 07:48:02 GMT', 'Content-Length': '139'})
HTTP response body: {"kind":"Status","apiVersion":"v1","metadata":{},"status":"Failure","message":"Upgrade request required","reason":"BadRequest","code":400}


2025-04-15 09:48:02,913 - INFO - Metrics saved for pod kube-state-metrics-66f58b585d-qvzh5 in namespace monitoring
2025-04-15 09:48:03,025 - INFO - Using container node-exporter for disk usage check in pod node-exporter-48qtz
2025-04-15 09:48:03,035 - ERROR - Error getting disk usage for pod node-exporter-48qtz: (400)
Reason: Bad Request
HTTP response headers: HTTPHeaderDict({'Audit-Id': '7010bd1b-8b6c-46b2-b947-1da3fe91d54d', 'Cache-Control': 'no-cache, private', 'Content-Type': 'application/json', 'Date': 'Tue, 15 Apr 2025 07:48:03 GMT', 'Content-Length': '139'})
HTTP response body: {"kind":"Status","apiVersion":"v1","metadata":{},"status":"Failure","message":"Upgrade request required","reason":"BadRequest","code":400}


2025-04-15 09:48:03,050 - INFO - Metrics saved for pod node-exporter-48qtz in namespace monitoring
2025-04-15 09:48:03,157 - INFO - Using container node-exporter for disk usage check in pod node-exporter-5bd2g
2025-04-15 09:48:03,167 - ERROR - Error getting disk usage for pod node-exporter-5bd2g: (400)
Reason: Bad Request
HTTP response headers: HTTPHeaderDict({'Audit-Id': 'b62b2146-e2b9-47e6-8304-2fda771869ff', 'Cache-Control': 'no-cache, private', 'Content-Type': 'application/json', 'Date': 'Tue, 15 Apr 2025 07:48:03 GMT', 'Content-Length': '139'})
HTTP response body: {"kind":"Status","apiVersion":"v1","metadata":{},"status":"Failure","message":"Upgrade request required","reason":"BadRequest","code":400}


2025-04-15 09:48:03,181 - INFO - Metrics saved for pod node-exporter-5bd2g in namespace monitoring
2025-04-15 09:48:03,402 - INFO - Using container node-exporter for disk usage check in pod node-exporter-zqtjl
2025-04-15 09:48:03,412 - ERROR - Error getting disk usage for pod node-exporter-zqtjl: (400)
Reason: Bad Request
HTTP response headers: HTTPHeaderDict({'Audit-Id': 'f6179eb4-e638-46f3-97ea-80f0bbb7979e', 'Cache-Control': 'no-cache, private', 'Content-Type': 'application/json', 'Date': 'Tue, 15 Apr 2025 07:48:03 GMT', 'Content-Length': '139'})
HTTP response body: {"kind":"Status","apiVersion":"v1","metadata":{},"status":"Failure","message":"Upgrade request required","reason":"BadRequest","code":400}


2025-04-15 09:48:03,426 - INFO - Metrics saved for pod node-exporter-zqtjl in namespace monitoring
2025-04-15 09:54:50,667 - INFO - Successfully connected to Kubernetes API
2025-04-15 09:54:50,683 - INFO - Database setup completed successfully
2025-04-15 09:54:50,698 - INFO - Scheduled automatic cleanup with 30 days retention
2025-04-15 09:54:50,698 - INFO - PodMonitor initialized successfully
2025-04-15 09:54:50,701 - INFO - [31m[1mWARNING: This is a development server. Do not use it in a production deployment. Use a production WSGI server instead.[0m
 * Running on all addresses (0.0.0.0)
 * Running on http://127.0.0.1:5000
 * Running on http://10.244.1.57:5000
2025-04-15 09:54:50,701 - INFO - [33mPress CTRL+C to quit[0m
2025-04-15 09:54:51,267 - INFO - Using container blackbox-exporter for disk usage check in pod blackbox-exporter-7645c7c966-drsjx
2025-04-15 09:54:51,953 - INFO - Metrics saved for pod blackbox-exporter-7645c7c966-drsjx in namespace monitoring
2025-04-15 09:54:52,087 - INFO - Using container podmon-monitor for disk usage check in pod dpl-podmon-d4797d4b6-qd9bp
2025-04-15 09:54:52,179 - INFO - Metrics saved for pod dpl-podmon-d4797d4b6-qd9bp in namespace monitoring
2025-04-15 09:54:52,352 - INFO - Using container kube-state-metrics for disk usage check in pod kube-state-metrics-66f58b585d-qvzh5
2025-04-15 09:54:52,434 - WARNING - Invalid or empty disk usage data from pod kube-state-metrics-66f58b585d-qvzh5
2025-04-15 09:54:52,448 - INFO - Metrics saved for pod kube-state-metrics-66f58b585d-qvzh5 in namespace monitoring
2025-04-15 09:54:52,537 - INFO - Using container node-exporter for disk usage check in pod node-exporter-48qtz
2025-04-15 09:54:52,624 - INFO - Metrics saved for pod node-exporter-48qtz in namespace monitoring
2025-04-15 09:54:52,714 - INFO - Using container node-exporter for disk usage check in pod node-exporter-5bd2g
2025-04-15 09:54:52,812 - INFO - Metrics saved for pod node-exporter-5bd2g in namespace monitoring
2025-04-15 09:54:52,985 - INFO - Using container node-exporter for disk usage check in pod node-exporter-zqtjl
2025-04-15 09:54:54,281 - INFO - Metrics saved for pod node-exporter-zqtjl in namespace monitoring
2025-04-15 09:59:40,749 - INFO - 10.244.0.0 - - [15/Apr/2025 09:59:40] "GET / HTTP/1.1" 200 -
2025-04-15 09:59:40,828 - INFO - 10.244.0.0 - - [15/Apr/2025 09:59:40] "[36mGET /static/css/style.css HTTP/1.1[0m" 304 -
2025-04-15 09:59:40,831 - INFO - 10.244.0.0 - - [15/Apr/2025 09:59:40] "[36mGET /static/js/script.js HTTP/1.1[0m" 304 -
2025-04-15 09:59:40,932 - INFO - 10.244.0.0 - - [15/Apr/2025 09:59:40] "GET /api/config HTTP/1.1" 200 -
2025-04-15 09:59:41,064 - INFO - 10.244.0.0 - - [15/Apr/2025 09:59:41] "GET /api/config HTTP/1.1" 200 -
2025-04-15 09:59:41,249 - INFO - 10.244.0.0 - - [15/Apr/2025 09:59:41] "GET /api/history?days=7 HTTP/1.1" 200 -
2025-04-15 09:59:41,280 - INFO - 10.244.0.0 - - [15/Apr/2025 09:59:41] "GET /api/history?days=7 HTTP/1.1" 200 -
2025-04-15 09:59:42,119 - INFO - 10.244.0.0 - - [15/Apr/2025 09:59:42] "GET /api/nodes HTTP/1.1" 200 -
2025-04-15 09:59:42,537 - INFO - Using container blackbox-exporter for disk usage check in pod blackbox-exporter-7645c7c966-drsjx
2025-04-15 09:59:42,620 - INFO - 10.244.0.0 - - [15/Apr/2025 09:59:42] "GET /api/nodes HTTP/1.1" 200 -
2025-04-15 09:59:43,054 - INFO - Metrics saved for pod blackbox-exporter-7645c7c966-drsjx in namespace monitoring
2025-04-15 09:59:43,148 - INFO - Using container podmon-monitor for disk usage check in pod dpl-podmon-d4797d4b6-qd9bp
2025-04-15 09:59:43,242 - INFO - Metrics saved for pod dpl-podmon-d4797d4b6-qd9bp in namespace monitoring
2025-04-15 09:59:43,418 - INFO - Using container kube-state-metrics for disk usage check in pod kube-state-metrics-66f58b585d-qvzh5
2025-04-15 09:59:43,495 - WARNING - Invalid or empty disk usage data from pod kube-state-metrics-66f58b585d-qvzh5
2025-04-15 09:59:43,508 - INFO - Metrics saved for pod kube-state-metrics-66f58b585d-qvzh5 in namespace monitoring
2025-04-15 09:59:43,604 - INFO - Using container node-exporter for disk usage check in pod node-exporter-48qtz
2025-04-15 09:59:43,693 - INFO - Metrics saved for pod node-exporter-48qtz in namespace monitoring
2025-04-15 09:59:43,785 - INFO - Using container node-exporter for disk usage check in pod node-exporter-5bd2g
2025-04-15 09:59:43,876 - INFO - Metrics saved for pod node-exporter-5bd2g in namespace monitoring
2025-04-15 09:59:43,970 - INFO - Using container node-exporter for disk usage check in pod node-exporter-zqtjl
2025-04-15 09:59:44,247 - INFO - Metrics saved for pod node-exporter-zqtjl in namespace monitoring
2025-04-15 09:59:44,414 - INFO - 10.244.0.0 - - [15/Apr/2025 09:59:44] "GET /api/pods HTTP/1.1" 200 -
2025-04-15 09:59:44,880 - INFO - Using container blackbox-exporter for disk usage check in pod blackbox-exporter-7645c7c966-drsjx
2025-04-15 09:59:45,351 - INFO - Metrics saved for pod blackbox-exporter-7645c7c966-drsjx in namespace monitoring
2025-04-15 09:59:45,435 - INFO - Using container podmon-monitor for disk usage check in pod dpl-podmon-d4797d4b6-qd9bp
2025-04-15 09:59:45,518 - INFO - Metrics saved for pod dpl-podmon-d4797d4b6-qd9bp in namespace monitoring
2025-04-15 09:59:45,689 - INFO - Using container kube-state-metrics for disk usage check in pod kube-state-metrics-66f58b585d-qvzh5
2025-04-15 09:59:45,767 - WARNING - Invalid or empty disk usage data from pod kube-state-metrics-66f58b585d-qvzh5
2025-04-15 09:59:45,780 - INFO - Metrics saved for pod kube-state-metrics-66f58b585d-qvzh5 in namespace monitoring
2025-04-15 09:59:45,867 - INFO - Using container node-exporter for disk usage check in pod node-exporter-48qtz
2025-04-15 09:59:45,955 - INFO - Metrics saved for pod node-exporter-48qtz in namespace monitoring
2025-04-15 09:59:46,046 - INFO - Using container node-exporter for disk usage check in pod node-exporter-5bd2g
2025-04-15 09:59:46,184 - INFO - Metrics saved for pod node-exporter-5bd2g in namespace monitoring
2025-04-15 09:59:46,292 - INFO - Using container node-exporter for disk usage check in pod node-exporter-zqtjl
2025-04-15 09:59:46,494 - INFO - Metrics saved for pod node-exporter-zqtjl in namespace monitoring
2025-04-15 09:59:46,727 - INFO - 10.244.0.0 - - [15/Apr/2025 09:59:46] "GET /api/pods HTTP/1.1" 200 -
2025-04-15 10:02:02,474 - INFO - 10.244.0.0 - - [15/Apr/2025 10:02:02] "GET / HTTP/1.1" 200 -
2025-04-15 10:02:02,531 - INFO - 10.244.0.0 - - [15/Apr/2025 10:02:02] "[36mGET /static/css/style.css HTTP/1.1[0m" 304 -
2025-04-15 10:02:02,539 - INFO - 10.244.0.0 - - [15/Apr/2025 10:02:02] "[36mGET /static/js/script.js HTTP/1.1[0m" 304 -
2025-04-15 10:02:02,572 - INFO - 10.244.0.0 - - [15/Apr/2025 10:02:02] "GET /api/config HTTP/1.1" 200 -
2025-04-15 10:02:02,604 - INFO - 10.244.0.0 - - [15/Apr/2025 10:02:02] "GET /api/config HTTP/1.1" 200 -
2025-04-15 10:02:02,677 - INFO - 10.244.0.0 - - [15/Apr/2025 10:02:02] "GET /api/history?days=7 HTTP/1.1" 200 -
2025-04-15 10:02:02,707 - INFO - 10.244.0.0 - - [15/Apr/2025 10:02:02] "GET /api/history?days=7 HTTP/1.1" 200 -
2025-04-15 10:02:10,599 - INFO - 10.244.0.0 - - [15/Apr/2025 10:02:10] "GET /api/nodes HTTP/1.1" 200 -
2025-04-15 10:02:10,957 - INFO - Using container blackbox-exporter for disk usage check in pod blackbox-exporter-7645c7c966-drsjx
2025-04-15 10:02:10,968 - INFO - 10.244.0.0 - - [15/Apr/2025 10:02:10] "GET /api/nodes HTTP/1.1" 200 -
2025-04-15 10:02:11,454 - INFO - Metrics saved for pod blackbox-exporter-7645c7c966-drsjx in namespace monitoring
2025-04-15 10:02:11,556 - INFO - Using container podmon-monitor for disk usage check in pod dpl-podmon-d4797d4b6-qd9bp
2025-04-15 10:02:11,677 - INFO - Metrics saved for pod dpl-podmon-d4797d4b6-qd9bp in namespace monitoring
2025-04-15 10:02:11,862 - INFO - Using container kube-state-metrics for disk usage check in pod kube-state-metrics-66f58b585d-qvzh5
2025-04-15 10:02:11,938 - WARNING - Invalid or empty disk usage data from pod kube-state-metrics-66f58b585d-qvzh5
2025-04-15 10:02:11,953 - INFO - Metrics saved for pod kube-state-metrics-66f58b585d-qvzh5 in namespace monitoring
2025-04-15 10:02:12,113 - INFO - Using container node-exporter for disk usage check in pod node-exporter-48qtz
2025-04-15 10:02:12,208 - INFO - Metrics saved for pod node-exporter-48qtz in namespace monitoring
2025-04-15 10:02:12,297 - INFO - Using container node-exporter for disk usage check in pod node-exporter-5bd2g
2025-04-15 10:02:12,388 - INFO - Metrics saved for pod node-exporter-5bd2g in namespace monitoring
2025-04-15 10:02:12,477 - INFO - Using container node-exporter for disk usage check in pod node-exporter-zqtjl
2025-04-15 10:02:12,697 - INFO - Metrics saved for pod node-exporter-zqtjl in namespace monitoring
2025-04-15 10:02:12,837 - INFO - 10.244.0.0 - - [15/Apr/2025 10:02:12] "GET /api/pods HTTP/1.1" 200 -
2025-04-15 10:02:13,377 - INFO - Using container blackbox-exporter for disk usage check in pod blackbox-exporter-7645c7c966-drsjx
2025-04-15 10:02:13,753 - INFO - Metrics saved for pod blackbox-exporter-7645c7c966-drsjx in namespace monitoring
2025-04-15 10:02:13,842 - INFO - Using container podmon-monitor for disk usage check in pod dpl-podmon-d4797d4b6-qd9bp
2025-04-15 10:02:13,927 - INFO - Metrics saved for pod dpl-podmon-d4797d4b6-qd9bp in namespace monitoring
2025-04-15 10:02:14,179 - INFO - Using container kube-state-metrics for disk usage check in pod kube-state-metrics-66f58b585d-qvzh5
2025-04-15 10:02:14,252 - WARNING - Invalid or empty disk usage data from pod kube-state-metrics-66f58b585d-qvzh5
2025-04-15 10:02:14,264 - INFO - Metrics saved for pod kube-state-metrics-66f58b585d-qvzh5 in namespace monitoring
2025-04-15 10:02:14,339 - INFO - Using container node-exporter for disk usage check in pod node-exporter-48qtz
2025-04-15 10:02:14,401 - INFO - Metrics saved for pod node-exporter-48qtz in namespace monitoring
2025-04-15 10:02:14,490 - INFO - Using container node-exporter for disk usage check in pod node-exporter-5bd2g
2025-04-15 10:02:14,578 - INFO - Metrics saved for pod node-exporter-5bd2g in namespace monitoring
2025-04-15 10:02:14,664 - INFO - Using container node-exporter for disk usage check in pod node-exporter-zqtjl
2025-04-15 10:02:14,895 - INFO - Metrics saved for pod node-exporter-zqtjl in namespace monitoring
2025-04-15 10:02:15,024 - INFO - 10.244.0.0 - - [15/Apr/2025 10:02:15] "GET /api/pods HTTP/1.1" 200 -
2025-04-15 10:02:18,797 - INFO - 10.244.0.0 - - [15/Apr/2025 10:02:18] "[36mGET /static/css/style.css HTTP/1.1[0m" 304 -
2025-04-15 10:03:08,504 - INFO - 10.244.0.0 - - [15/Apr/2025 10:03:08] "GET / HTTP/1.1" 200 -
2025-04-15 10:03:08,559 - INFO - 10.244.0.0 - - [15/Apr/2025 10:03:08] "[36mGET /static/css/style.css HTTP/1.1[0m" 304 -
2025-04-15 10:03:08,563 - INFO - 10.244.0.0 - - [15/Apr/2025 10:03:08] "[36mGET /static/js/script.js HTTP/1.1[0m" 304 -
2025-04-15 10:03:08,672 - INFO - 10.244.0.0 - - [15/Apr/2025 10:03:08] "GET /api/config HTTP/1.1" 200 -
2025-04-15 10:03:08,697 - INFO - 10.244.0.0 - - [15/Apr/2025 10:03:08] "GET /api/config HTTP/1.1" 200 -
2025-04-15 10:03:08,866 - INFO - 10.244.0.0 - - [15/Apr/2025 10:03:08] "GET /api/history?days=7 HTTP/1.1" 200 -
2025-04-15 10:03:08,909 - INFO - 10.244.0.0 - - [15/Apr/2025 10:03:08] "GET /api/history?days=7 HTTP/1.1" 200 -
2025-04-15 10:03:09,512 - INFO - 10.244.0.0 - - [15/Apr/2025 10:03:09] "GET /api/nodes HTTP/1.1" 200 -
2025-04-15 10:03:09,928 - INFO - 10.244.0.0 - - [15/Apr/2025 10:03:09] "GET /api/nodes HTTP/1.1" 200 -
2025-04-15 10:03:10,076 - INFO - Using container blackbox-exporter for disk usage check in pod blackbox-exporter-7645c7c966-drsjx
2025-04-15 10:03:10,454 - INFO - Metrics saved for pod blackbox-exporter-7645c7c966-drsjx in namespace monitoring
2025-04-15 10:03:10,550 - INFO - Using container podmon-monitor for disk usage check in pod dpl-podmon-d4797d4b6-qd9bp
2025-04-15 10:03:10,641 - INFO - Metrics saved for pod dpl-podmon-d4797d4b6-qd9bp in namespace monitoring
2025-04-15 10:03:10,828 - INFO - Using container kube-state-metrics for disk usage check in pod kube-state-metrics-66f58b585d-qvzh5
2025-04-15 10:03:10,910 - WARNING - Invalid or empty disk usage data from pod kube-state-metrics-66f58b585d-qvzh5
2025-04-15 10:03:10,924 - INFO - Metrics saved for pod kube-state-metrics-66f58b585d-qvzh5 in namespace monitoring
2025-04-15 10:03:11,049 - INFO - Using container node-exporter for disk usage check in pod node-exporter-48qtz
2025-04-15 10:03:11,140 - INFO - Metrics saved for pod node-exporter-48qtz in namespace monitoring
2025-04-15 10:03:11,231 - INFO - Using container node-exporter for disk usage check in pod node-exporter-5bd2g
2025-04-15 10:03:11,372 - INFO - Metrics saved for pod node-exporter-5bd2g in namespace monitoring
2025-04-15 10:03:11,461 - INFO - Using container node-exporter for disk usage check in pod node-exporter-zqtjl
2025-04-15 10:03:11,683 - INFO - Metrics saved for pod node-exporter-zqtjl in namespace monitoring
2025-04-15 10:03:11,817 - INFO - 10.244.0.0 - - [15/Apr/2025 10:03:11] "GET /api/pods HTTP/1.1" 200 -
2025-04-15 10:03:12,543 - INFO - Using container blackbox-exporter for disk usage check in pod blackbox-exporter-7645c7c966-drsjx
2025-04-15 10:03:12,953 - INFO - Metrics saved for pod blackbox-exporter-7645c7c966-drsjx in namespace monitoring
2025-04-15 10:03:13,043 - INFO - Using container podmon-monitor for disk usage check in pod dpl-podmon-d4797d4b6-qd9bp
2025-04-15 10:03:13,206 - INFO - Metrics saved for pod dpl-podmon-d4797d4b6-qd9bp in namespace monitoring
2025-04-15 10:03:13,381 - INFO - Using container kube-state-metrics for disk usage check in pod kube-state-metrics-66f58b585d-qvzh5
2025-04-15 10:03:13,457 - WARNING - Invalid or empty disk usage data from pod kube-state-metrics-66f58b585d-qvzh5
2025-04-15 10:03:13,471 - INFO - Metrics saved for pod kube-state-metrics-66f58b585d-qvzh5 in namespace monitoring
2025-04-15 10:03:13,560 - INFO - Using container node-exporter for disk usage check in pod node-exporter-48qtz
2025-04-15 10:03:13,649 - INFO - Metrics saved for pod node-exporter-48qtz in namespace monitoring
2025-04-15 10:03:13,733 - INFO - Using container node-exporter for disk usage check in pod node-exporter-5bd2g
2025-04-15 10:03:13,821 - INFO - Metrics saved for pod node-exporter-5bd2g in namespace monitoring
2025-04-15 10:03:13,947 - INFO - Using container node-exporter for disk usage check in pod node-exporter-zqtjl
2025-04-15 10:03:14,196 - INFO - Metrics saved for pod node-exporter-zqtjl in namespace monitoring
2025-04-15 10:03:14,332 - INFO - 10.244.0.0 - - [15/Apr/2025 10:03:14] "GET /api/pods HTTP/1.1" 200 -
2025-04-15 10:04:55,302 - INFO - Using container blackbox-exporter for disk usage check in pod blackbox-exporter-7645c7c966-drsjx
2025-04-15 10:04:55,754 - INFO - Metrics saved for pod blackbox-exporter-7645c7c966-drsjx in namespace monitoring
2025-04-15 10:04:55,852 - INFO - Using container podmon-monitor for disk usage check in pod dpl-podmon-d4797d4b6-qd9bp
2025-04-15 10:04:55,948 - INFO - Metrics saved for pod dpl-podmon-d4797d4b6-qd9bp in namespace monitoring
2025-04-15 10:04:56,230 - INFO - Using container kube-state-metrics for disk usage check in pod kube-state-metrics-66f58b585d-qvzh5
2025-04-15 10:04:56,306 - WARNING - Invalid or empty disk usage data from pod kube-state-metrics-66f58b585d-qvzh5
2025-04-15 10:04:56,321 - INFO - Metrics saved for pod kube-state-metrics-66f58b585d-qvzh5 in namespace monitoring
2025-04-15 10:04:56,418 - INFO - Using container node-exporter for disk usage check in pod node-exporter-48qtz
2025-04-15 10:04:56,513 - INFO - Metrics saved for pod node-exporter-48qtz in namespace monitoring
2025-04-15 10:04:56,602 - INFO - Using container node-exporter for disk usage check in pod node-exporter-5bd2g
2025-04-15 10:04:56,678 - INFO - Metrics saved for pod node-exporter-5bd2g in namespace monitoring
2025-04-15 10:04:56,797 - INFO - Using container node-exporter for disk usage check in pod node-exporter-zqtjl
2025-04-15 10:04:56,942 - INFO - Metrics saved for pod node-exporter-zqtjl in namespace monitoring
2025-04-15 10:14:58,026 - INFO - Using container blackbox-exporter for disk usage check in pod blackbox-exporter-7645c7c966-drsjx
2025-04-15 10:14:58,249 - INFO - Metrics saved for pod blackbox-exporter-7645c7c966-drsjx in namespace monitoring
2025-04-15 10:14:58,351 - INFO - Using container podmon-monitor for disk usage check in pod dpl-podmon-d4797d4b6-qd9bp
2025-04-15 10:14:58,469 - INFO - Metrics saved for pod dpl-podmon-d4797d4b6-qd9bp in namespace monitoring
2025-04-15 10:14:58,731 - INFO - Using container kube-state-metrics for disk usage check in pod kube-state-metrics-66f58b585d-qvzh5
2025-04-15 10:14:58,815 - WARNING - Invalid or empty disk usage data from pod kube-state-metrics-66f58b585d-qvzh5
2025-04-15 10:14:58,831 - INFO - Metrics saved for pod kube-state-metrics-66f58b585d-qvzh5 in namespace monitoring
2025-04-15 10:14:58,921 - INFO - Using container node-exporter for disk usage check in pod node-exporter-48qtz
2025-04-15 10:14:59,014 - INFO - Metrics saved for pod node-exporter-48qtz in namespace monitoring
2025-04-15 10:14:59,105 - INFO - Using container node-exporter for disk usage check in pod node-exporter-5bd2g
2025-04-15 10:14:59,192 - INFO - Metrics saved for pod node-exporter-5bd2g in namespace monitoring
2025-04-15 10:14:59,287 - INFO - Using container node-exporter for disk usage check in pod node-exporter-zqtjl
2025-04-15 10:14:59,517 - INFO - Metrics saved for pod node-exporter-zqtjl in namespace monitoring
2025-04-15 10:25:00,571 - INFO - Using container blackbox-exporter for disk usage check in pod blackbox-exporter-7645c7c966-drsjx
2025-04-15 10:25:00,942 - INFO - Metrics saved for pod blackbox-exporter-7645c7c966-drsjx in namespace monitoring
2025-04-15 10:25:01,064 - INFO - Using container podmon-monitor for disk usage check in pod dpl-podmon-d4797d4b6-qd9bp
2025-04-15 10:25:01,209 - INFO - Metrics saved for pod dpl-podmon-d4797d4b6-qd9bp in namespace monitoring
2025-04-15 10:25:01,395 - INFO - Using container kube-state-metrics for disk usage check in pod kube-state-metrics-66f58b585d-qvzh5
2025-04-15 10:25:01,463 - WARNING - Invalid or empty disk usage data from pod kube-state-metrics-66f58b585d-qvzh5
2025-04-15 10:25:01,478 - INFO - Metrics saved for pod kube-state-metrics-66f58b585d-qvzh5 in namespace monitoring
2025-04-15 10:25:01,581 - INFO - Using container node-exporter for disk usage check in pod node-exporter-48qtz
2025-04-15 10:25:01,673 - INFO - Metrics saved for pod node-exporter-48qtz in namespace monitoring
2025-04-15 10:25:01,762 - INFO - Using container node-exporter for disk usage check in pod node-exporter-5bd2g
2025-04-15 10:25:01,847 - INFO - Metrics saved for pod node-exporter-5bd2g in namespace monitoring
2025-04-15 10:25:01,937 - INFO - Using container node-exporter for disk usage check in pod node-exporter-zqtjl
2025-04-15 10:25:02,196 - INFO - Metrics saved for pod node-exporter-zqtjl in namespace monitoring
2025-04-15 10:28:39,225 - INFO - 10.244.0.0 - - [15/Apr/2025 10:28:39] "GET / HTTP/1.1" 200 -
2025-04-15 10:28:39,444 - INFO - 10.244.0.0 - - [15/Apr/2025 10:28:39] "[36mGET /static/css/style.css HTTP/1.1[0m" 304 -
2025-04-15 10:28:39,473 - INFO - 10.244.0.0 - - [15/Apr/2025 10:28:39] "GET /static/js/script.js HTTP/1.1" 200 -
2025-04-15 10:28:39,560 - INFO - 10.244.0.0 - - [15/Apr/2025 10:28:39] "GET /api/config HTTP/1.1" 200 -
2025-04-15 10:28:39,637 - INFO - 10.244.0.0 - - [15/Apr/2025 10:28:39] "GET /api/config HTTP/1.1" 200 -
2025-04-15 10:28:39,841 - INFO - 10.244.0.0 - - [15/Apr/2025 10:28:39] "GET /api/history?days=7 HTTP/1.1" 200 -
2025-04-15 10:28:39,900 - INFO - 10.244.0.0 - - [15/Apr/2025 10:28:39] "GET /api/history?days=7 HTTP/1.1" 200 -
2025-04-15 10:28:40,749 - INFO - 10.244.0.0 - - [15/Apr/2025 10:28:40] "GET /api/nodes HTTP/1.1" 200 -
2025-04-15 10:28:41,084 - INFO - 10.244.0.0 - - [15/Apr/2025 10:28:41] "GET /api/nodes HTTP/1.1" 200 -
2025-04-15 10:28:41,126 - INFO - Using container blackbox-exporter for disk usage check in pod blackbox-exporter-7645c7c966-drsjx
2025-04-15 10:28:41,644 - INFO - Metrics saved for pod blackbox-exporter-7645c7c966-drsjx in namespace monitoring
2025-04-15 10:28:41,738 - INFO - Using container podmon-monitor for disk usage check in pod dpl-podmon-d4797d4b6-qd9bp
2025-04-15 10:28:41,833 - INFO - Metrics saved for pod dpl-podmon-d4797d4b6-qd9bp in namespace monitoring
2025-04-15 10:28:42,049 - INFO - Using container kube-state-metrics for disk usage check in pod kube-state-metrics-66f58b585d-qvzh5
2025-04-15 10:28:42,132 - WARNING - Invalid or empty disk usage data from pod kube-state-metrics-66f58b585d-qvzh5
2025-04-15 10:28:42,146 - INFO - Metrics saved for pod kube-state-metrics-66f58b585d-qvzh5 in namespace monitoring
2025-04-15 10:28:42,285 - INFO - Using container node-exporter for disk usage check in pod node-exporter-48qtz
2025-04-15 10:28:42,373 - INFO - Metrics saved for pod node-exporter-48qtz in namespace monitoring
2025-04-15 10:28:42,511 - INFO - Using container node-exporter for disk usage check in pod node-exporter-5bd2g
2025-04-15 10:28:42,600 - INFO - Metrics saved for pod node-exporter-5bd2g in namespace monitoring
2025-04-15 10:28:42,777 - INFO - Using container node-exporter for disk usage check in pod node-exporter-zqtjl
2025-04-15 10:28:42,975 - INFO - Metrics saved for pod node-exporter-zqtjl in namespace monitoring
2025-04-15 10:28:43,111 - INFO - 10.244.0.0 - - [15/Apr/2025 10:28:43] "GET /api/pods HTTP/1.1" 200 -
2025-04-15 10:28:48,038 - INFO - 10.244.0.0 - - [15/Apr/2025 10:28:48] "GET /api/nodes HTTP/1.1" 200 -
2025-04-15 10:28:48,182 - INFO - Using container blackbox-exporter for disk usage check in pod blackbox-exporter-7645c7c966-drsjx
2025-04-15 10:28:48,443 - INFO - Metrics saved for pod blackbox-exporter-7645c7c966-drsjx in namespace monitoring
2025-04-15 10:28:48,532 - INFO - Using container podmon-monitor for disk usage check in pod dpl-podmon-d4797d4b6-qd9bp
2025-04-15 10:28:48,610 - INFO - Metrics saved for pod dpl-podmon-d4797d4b6-qd9bp in namespace monitoring
2025-04-15 10:28:48,799 - INFO - Using container kube-state-metrics for disk usage check in pod kube-state-metrics-66f58b585d-qvzh5
2025-04-15 10:28:48,867 - WARNING - Invalid or empty disk usage data from pod kube-state-metrics-66f58b585d-qvzh5
2025-04-15 10:28:48,881 - INFO - Metrics saved for pod kube-state-metrics-66f58b585d-qvzh5 in namespace monitoring
2025-04-15 10:28:49,078 - INFO - Using container node-exporter for disk usage check in pod node-exporter-48qtz
2025-04-15 10:28:49,166 - INFO - Metrics saved for pod node-exporter-48qtz in namespace monitoring
2025-04-15 10:28:49,257 - INFO - Using container node-exporter for disk usage check in pod node-exporter-5bd2g
2025-04-15 10:28:49,345 - INFO - Metrics saved for pod node-exporter-5bd2g in namespace monitoring
2025-04-15 10:28:49,440 - INFO - Using container node-exporter for disk usage check in pod node-exporter-zqtjl
2025-04-15 10:28:49,699 - INFO - Metrics saved for pod node-exporter-zqtjl in namespace monitoring
2025-04-15 10:28:49,839 - INFO - 10.244.0.0 - - [15/Apr/2025 10:28:49] "GET /api/pods HTTP/1.1" 200 -
2025-04-15 10:28:50,473 - INFO - 10.244.0.0 - - [15/Apr/2025 10:28:50] "GET /api/nodes HTTP/1.1" 200 -
2025-04-15 10:28:50,727 - INFO - Using container blackbox-exporter for disk usage check in pod blackbox-exporter-7645c7c966-drsjx
2025-04-15 10:28:51,041 - INFO - Metrics saved for pod blackbox-exporter-7645c7c966-drsjx in namespace monitoring
2025-04-15 10:28:51,200 - INFO - Using container podmon-monitor for disk usage check in pod dpl-podmon-d4797d4b6-qd9bp
2025-04-15 10:28:51,289 - INFO - Metrics saved for pod dpl-podmon-d4797d4b6-qd9bp in namespace monitoring
2025-04-15 10:28:51,464 - INFO - Using container kube-state-metrics for disk usage check in pod kube-state-metrics-66f58b585d-qvzh5
2025-04-15 10:28:51,539 - WARNING - Invalid or empty disk usage data from pod kube-state-metrics-66f58b585d-qvzh5
2025-04-15 10:28:51,553 - INFO - Metrics saved for pod kube-state-metrics-66f58b585d-qvzh5 in namespace monitoring
2025-04-15 10:28:51,644 - INFO - Using container node-exporter for disk usage check in pod node-exporter-48qtz
2025-04-15 10:28:51,737 - INFO - Metrics saved for pod node-exporter-48qtz in namespace monitoring
2025-04-15 10:28:51,833 - INFO - Using container node-exporter for disk usage check in pod node-exporter-5bd2g
2025-04-15 10:28:51,917 - INFO - Metrics saved for pod node-exporter-5bd2g in namespace monitoring
2025-04-15 10:28:52,003 - INFO - Using container node-exporter for disk usage check in pod node-exporter-zqtjl
2025-04-15 10:28:52,216 - INFO - Metrics saved for pod node-exporter-zqtjl in namespace monitoring
2025-04-15 10:28:52,339 - INFO - 10.244.0.0 - - [15/Apr/2025 10:28:52] "GET /api/pods HTTP/1.1" 200 -
2025-04-15 10:28:52,863 - INFO - Using container blackbox-exporter for disk usage check in pod blackbox-exporter-7645c7c966-drsjx
2025-04-15 10:28:53,342 - INFO - Metrics saved for pod blackbox-exporter-7645c7c966-drsjx in namespace monitoring
2025-04-15 10:28:53,434 - INFO - Using container podmon-monitor for disk usage check in pod dpl-podmon-d4797d4b6-qd9bp
2025-04-15 10:28:53,521 - INFO - Metrics saved for pod dpl-podmon-d4797d4b6-qd9bp in namespace monitoring
2025-04-15 10:28:53,700 - INFO - Using container kube-state-metrics for disk usage check in pod kube-state-metrics-66f58b585d-qvzh5
2025-04-15 10:28:53,781 - WARNING - Invalid or empty disk usage data from pod kube-state-metrics-66f58b585d-qvzh5
2025-04-15 10:28:53,795 - INFO - Metrics saved for pod kube-state-metrics-66f58b585d-qvzh5 in namespace monitoring
2025-04-15 10:28:53,885 - INFO - Using container node-exporter for disk usage check in pod node-exporter-48qtz
2025-04-15 10:28:53,979 - INFO - Metrics saved for pod node-exporter-48qtz in namespace monitoring
2025-04-15 10:28:54,113 - INFO - Using container node-exporter for disk usage check in pod node-exporter-5bd2g
2025-04-15 10:28:54,198 - INFO - Metrics saved for pod node-exporter-5bd2g in namespace monitoring
2025-04-15 10:28:54,297 - INFO - Using container node-exporter for disk usage check in pod node-exporter-zqtjl
2025-04-15 10:28:54,515 - INFO - Metrics saved for pod node-exporter-zqtjl in namespace monitoring
2025-04-15 10:28:54,687 - INFO - 10.244.0.0 - - [15/Apr/2025 10:28:54] "GET /api/pods HTTP/1.1" 200 -
2025-04-15 10:28:59,062 - INFO - 10.244.0.0 - - [15/Apr/2025 10:28:59] "GET / HTTP/1.1" 200 -
2025-04-15 10:28:59,144 - INFO - 10.244.0.0 - - [15/Apr/2025 10:28:59] "[36mGET /static/css/style.css HTTP/1.1[0m" 304 -
2025-04-15 10:28:59,149 - INFO - 10.244.0.0 - - [15/Apr/2025 10:28:59] "[36mGET /static/js/script.js HTTP/1.1[0m" 304 -
2025-04-15 10:28:59,197 - INFO - 10.244.0.0 - - [15/Apr/2025 10:28:59] "GET /api/config HTTP/1.1" 200 -
2025-04-15 10:28:59,235 - INFO - 10.244.0.0 - - [15/Apr/2025 10:28:59] "GET /api/config HTTP/1.1" 200 -
2025-04-15 10:28:59,298 - INFO - 10.244.0.0 - - [15/Apr/2025 10:28:59] "GET /api/history?days=7 HTTP/1.1" 200 -
2025-04-15 10:28:59,343 - INFO - 10.244.0.0 - - [15/Apr/2025 10:28:59] "GET /api/history?days=7 HTTP/1.1" 200 -
2025-04-15 10:28:59,860 - INFO - 10.244.0.0 - - [15/Apr/2025 10:28:59] "GET /api/nodes HTTP/1.1" 200 -
2025-04-15 10:29:00,238 - INFO - Using container blackbox-exporter for disk usage check in pod blackbox-exporter-7645c7c966-drsjx
2025-04-15 10:29:00,256 - INFO - 10.244.0.0 - - [15/Apr/2025 10:29:00] "GET /api/nodes HTTP/1.1" 200 -
2025-04-15 10:29:00,644 - INFO - Metrics saved for pod blackbox-exporter-7645c7c966-drsjx in namespace monitoring
2025-04-15 10:29:00,776 - INFO - Using container podmon-monitor for disk usage check in pod dpl-podmon-d4797d4b6-qd9bp
2025-04-15 10:29:00,866 - INFO - Metrics saved for pod dpl-podmon-d4797d4b6-qd9bp in namespace monitoring
2025-04-15 10:29:01,058 - INFO - Using container kube-state-metrics for disk usage check in pod kube-state-metrics-66f58b585d-qvzh5
2025-04-15 10:29:01,222 - WARNING - Invalid or empty disk usage data from pod kube-state-metrics-66f58b585d-qvzh5
2025-04-15 10:29:01,236 - INFO - Metrics saved for pod kube-state-metrics-66f58b585d-qvzh5 in namespace monitoring
2025-04-15 10:29:01,387 - INFO - Using container node-exporter for disk usage check in pod node-exporter-48qtz
2025-04-15 10:29:01,474 - INFO - Metrics saved for pod node-exporter-48qtz in namespace monitoring
2025-04-15 10:29:01,585 - INFO - Using container node-exporter for disk usage check in pod node-exporter-5bd2g
2025-04-15 10:29:01,673 - INFO - Metrics saved for pod node-exporter-5bd2g in namespace monitoring
2025-04-15 10:29:01,764 - INFO - Using container node-exporter for disk usage check in pod node-exporter-zqtjl
2025-04-15 10:29:01,995 - INFO - Metrics saved for pod node-exporter-zqtjl in namespace monitoring
2025-04-15 10:29:02,124 - INFO - 10.244.0.0 - - [15/Apr/2025 10:29:02] "GET /api/pods HTTP/1.1" 200 -
2025-04-15 10:29:08,518 - INFO - 10.244.0.0 - - [15/Apr/2025 10:29:08] "GET /api/nodes HTTP/1.1" 200 -
2025-04-15 10:29:08,658 - INFO - Using container blackbox-exporter for disk usage check in pod blackbox-exporter-7645c7c966-drsjx
2025-04-15 10:29:09,044 - INFO - Metrics saved for pod blackbox-exporter-7645c7c966-drsjx in namespace monitoring
2025-04-15 10:29:09,133 - INFO - Using container podmon-monitor for disk usage check in pod dpl-podmon-d4797d4b6-qd9bp
2025-04-15 10:29:09,222 - INFO - Metrics saved for pod dpl-podmon-d4797d4b6-qd9bp in namespace monitoring
2025-04-15 10:29:09,398 - INFO - Using container kube-state-metrics for disk usage check in pod kube-state-metrics-66f58b585d-qvzh5
2025-04-15 10:29:09,460 - WARNING - Invalid or empty disk usage data from pod kube-state-metrics-66f58b585d-qvzh5
2025-04-15 10:29:09,472 - INFO - Metrics saved for pod kube-state-metrics-66f58b585d-qvzh5 in namespace monitoring
2025-04-15 10:29:09,613 - INFO - Using container node-exporter for disk usage check in pod node-exporter-48qtz
2025-04-15 10:29:09,699 - INFO - Metrics saved for pod node-exporter-48qtz in namespace monitoring
2025-04-15 10:29:09,783 - INFO - Using container node-exporter for disk usage check in pod node-exporter-5bd2g
2025-04-15 10:29:09,877 - INFO - Metrics saved for pod node-exporter-5bd2g in namespace monitoring
2025-04-15 10:29:09,973 - INFO - Using container node-exporter for disk usage check in pod node-exporter-zqtjl
2025-04-15 10:29:10,200 - INFO - Metrics saved for pod node-exporter-zqtjl in namespace monitoring
2025-04-15 10:29:10,335 - INFO - 10.244.0.0 - - [15/Apr/2025 10:29:10] "GET /api/pods HTTP/1.1" 200 -
2025-04-15 10:29:10,952 - INFO - 10.244.0.0 - - [15/Apr/2025 10:29:10] "GET /api/nodes HTTP/1.1" 200 -
2025-04-15 10:29:11,160 - INFO - Using container blackbox-exporter for disk usage check in pod blackbox-exporter-7645c7c966-drsjx
2025-04-15 10:29:11,543 - INFO - Metrics saved for pod blackbox-exporter-7645c7c966-drsjx in namespace monitoring
2025-04-15 10:29:11,628 - INFO - Using container podmon-monitor for disk usage check in pod dpl-podmon-d4797d4b6-qd9bp
2025-04-15 10:29:11,714 - INFO - Metrics saved for pod dpl-podmon-d4797d4b6-qd9bp in namespace monitoring
2025-04-15 10:29:11,883 - INFO - Using container kube-state-metrics for disk usage check in pod kube-state-metrics-66f58b585d-qvzh5
2025-04-15 10:29:11,965 - WARNING - Invalid or empty disk usage data from pod kube-state-metrics-66f58b585d-qvzh5
2025-04-15 10:29:11,980 - INFO - Metrics saved for pod kube-state-metrics-66f58b585d-qvzh5 in namespace monitoring
2025-04-15 10:29:12,074 - INFO - Using container node-exporter for disk usage check in pod node-exporter-48qtz
2025-04-15 10:29:12,162 - INFO - Metrics saved for pod node-exporter-48qtz in namespace monitoring
2025-04-15 10:29:12,251 - INFO - Using container node-exporter for disk usage check in pod node-exporter-5bd2g
2025-04-15 10:29:12,333 - INFO - Metrics saved for pod node-exporter-5bd2g in namespace monitoring
2025-04-15 10:29:12,456 - INFO - Using container node-exporter for disk usage check in pod node-exporter-zqtjl
2025-04-15 10:29:12,700 - INFO - Metrics saved for pod node-exporter-zqtjl in namespace monitoring
2025-04-15 10:29:12,943 - INFO - 10.244.0.0 - - [15/Apr/2025 10:29:12] "GET /api/pods HTTP/1.1" 200 -
2025-04-15 10:29:13,418 - INFO - Using container blackbox-exporter for disk usage check in pod blackbox-exporter-7645c7c966-drsjx
2025-04-15 10:29:13,741 - INFO - Metrics saved for pod blackbox-exporter-7645c7c966-drsjx in namespace monitoring
2025-04-15 10:29:13,837 - INFO - Using container podmon-monitor for disk usage check in pod dpl-podmon-d4797d4b6-qd9bp
2025-04-15 10:29:13,927 - INFO - Metrics saved for pod dpl-podmon-d4797d4b6-qd9bp in namespace monitoring
2025-04-15 10:29:14,126 - INFO - Using container kube-state-metrics for disk usage check in pod kube-state-metrics-66f58b585d-qvzh5
2025-04-15 10:29:14,208 - WARNING - Invalid or empty disk usage data from pod kube-state-metrics-66f58b585d-qvzh5
2025-04-15 10:29:14,223 - INFO - Metrics saved for pod kube-state-metrics-66f58b585d-qvzh5 in namespace monitoring
2025-04-15 10:29:14,318 - INFO - Using container node-exporter for disk usage check in pod node-exporter-48qtz
2025-04-15 10:29:14,413 - INFO - Metrics saved for pod node-exporter-48qtz in namespace monitoring
2025-04-15 10:29:14,983 - INFO - Using container node-exporter for disk usage check in pod node-exporter-5bd2g
2025-04-15 10:29:15,072 - INFO - Metrics saved for pod node-exporter-5bd2g in namespace monitoring
2025-04-15 10:29:15,183 - INFO - Using container node-exporter for disk usage check in pod node-exporter-zqtjl
2025-04-15 10:29:15,396 - INFO - Metrics saved for pod node-exporter-zqtjl in namespace monitoring
2025-04-15 10:29:15,636 - INFO - 10.244.0.0 - - [15/Apr/2025 10:29:15] "GET /api/pods HTTP/1.1" 200 -
2025-04-15 10:31:45,076 - INFO - 10.244.0.0 - - [15/Apr/2025 10:31:45] "GET / HTTP/1.1" 200 -
2025-04-15 10:31:45,134 - INFO - 10.244.0.0 - - [15/Apr/2025 10:31:45] "[36mGET /static/css/style.css HTTP/1.1[0m" 304 -
2025-04-15 10:31:45,141 - INFO - 10.244.0.0 - - [15/Apr/2025 10:31:45] "[36mGET /static/js/script.js HTTP/1.1[0m" 304 -
2025-04-15 10:31:45,178 - INFO - 10.244.0.0 - - [15/Apr/2025 10:31:45] "GET /api/config HTTP/1.1" 200 -
2025-04-15 10:31:45,207 - INFO - 10.244.0.0 - - [15/Apr/2025 10:31:45] "GET /api/config HTTP/1.1" 200 -
2025-04-15 10:31:45,296 - INFO - 10.244.0.0 - - [15/Apr/2025 10:31:45] "GET /api/history?days=7 HTTP/1.1" 200 -
2025-04-15 10:31:45,314 - INFO - 10.244.0.0 - - [15/Apr/2025 10:31:45] "GET /api/history?days=7 HTTP/1.1" 200 -
2025-04-15 10:31:47,239 - INFO - 10.244.0.0 - - [15/Apr/2025 10:31:47] "GET /api/nodes HTTP/1.1" 200 -
2025-04-15 10:31:47,499 - INFO - Using container blackbox-exporter for disk usage check in pod blackbox-exporter-7645c7c966-drsjx
2025-04-15 10:31:47,573 - INFO - 10.244.0.0 - - [15/Apr/2025 10:31:47] "GET /api/nodes HTTP/1.1" 200 -
2025-04-15 10:31:47,840 - INFO - Metrics saved for pod blackbox-exporter-7645c7c966-drsjx in namespace monitoring
2025-04-15 10:31:47,976 - INFO - Using container podmon-monitor for disk usage check in pod dpl-podmon-d4797d4b6-qd9bp
2025-04-15 10:31:48,072 - INFO - Metrics saved for pod dpl-podmon-d4797d4b6-qd9bp in namespace monitoring
2025-04-15 10:31:48,256 - INFO - Using container kube-state-metrics for disk usage check in pod kube-state-metrics-66f58b585d-qvzh5
2025-04-15 10:31:48,338 - WARNING - Invalid or empty disk usage data from pod kube-state-metrics-66f58b585d-qvzh5
2025-04-15 10:31:48,351 - INFO - Metrics saved for pod kube-state-metrics-66f58b585d-qvzh5 in namespace monitoring
2025-04-15 10:31:48,437 - INFO - Using container node-exporter for disk usage check in pod node-exporter-48qtz
2025-04-15 10:31:48,510 - INFO - Metrics saved for pod node-exporter-48qtz in namespace monitoring
2025-04-15 10:31:48,595 - INFO - Using container node-exporter for disk usage check in pod node-exporter-5bd2g
2025-04-15 10:31:48,690 - INFO - Metrics saved for pod node-exporter-5bd2g in namespace monitoring
2025-04-15 10:31:48,786 - INFO - Using container node-exporter for disk usage check in pod node-exporter-zqtjl
2025-04-15 10:31:48,929 - INFO - Metrics saved for pod node-exporter-zqtjl in namespace monitoring
2025-04-15 10:31:49,083 - INFO - 10.244.0.0 - - [15/Apr/2025 10:31:49] "GET /api/pods HTTP/1.1" 200 -
2025-04-15 10:31:57,481 - INFO - 10.244.0.0 - - [15/Apr/2025 10:31:57] "GET /api/nodes HTTP/1.1" 200 -
2025-04-15 10:31:57,620 - INFO - Using container blackbox-exporter for disk usage check in pod blackbox-exporter-7645c7c966-drsjx
2025-04-15 10:31:58,142 - INFO - Metrics saved for pod blackbox-exporter-7645c7c966-drsjx in namespace monitoring
2025-04-15 10:31:58,242 - INFO - Using container podmon-monitor for disk usage check in pod dpl-podmon-d4797d4b6-qd9bp
2025-04-15 10:31:58,328 - INFO - Metrics saved for pod dpl-podmon-d4797d4b6-qd9bp in namespace monitoring
2025-04-15 10:31:58,508 - INFO - Using container kube-state-metrics for disk usage check in pod kube-state-metrics-66f58b585d-qvzh5
2025-04-15 10:31:58,588 - WARNING - Invalid or empty disk usage data from pod kube-state-metrics-66f58b585d-qvzh5
2025-04-15 10:31:58,603 - INFO - Metrics saved for pod kube-state-metrics-66f58b585d-qvzh5 in namespace monitoring
2025-04-15 10:31:58,697 - INFO - Using container node-exporter for disk usage check in pod node-exporter-48qtz
2025-04-15 10:31:58,834 - INFO - Metrics saved for pod node-exporter-48qtz in namespace monitoring
2025-04-15 10:31:58,926 - INFO - Using container node-exporter for disk usage check in pod node-exporter-5bd2g
2025-04-15 10:31:59,015 - INFO - Metrics saved for pod node-exporter-5bd2g in namespace monitoring
2025-04-15 10:31:59,167 - INFO - Using container node-exporter for disk usage check in pod node-exporter-zqtjl
2025-04-15 10:31:59,411 - INFO - Metrics saved for pod node-exporter-zqtjl in namespace monitoring
2025-04-15 10:31:59,540 - INFO - 10.244.0.0 - - [15/Apr/2025 10:31:59] "GET /api/pods HTTP/1.1" 200 -
2025-04-15 10:32:02,606 - INFO - 10.244.0.0 - - [15/Apr/2025 10:32:02] "GET /api/nodes HTTP/1.1" 200 -
2025-04-15 10:32:02,733 - INFO - Using container blackbox-exporter for disk usage check in pod blackbox-exporter-7645c7c966-drsjx
2025-04-15 10:32:02,944 - INFO - Metrics saved for pod blackbox-exporter-7645c7c966-drsjx in namespace monitoring
2025-04-15 10:32:03,039 - INFO - Using container podmon-monitor for disk usage check in pod dpl-podmon-d4797d4b6-qd9bp
2025-04-15 10:32:03,125 - INFO - Metrics saved for pod dpl-podmon-d4797d4b6-qd9bp in namespace monitoring
2025-04-15 10:32:03,361 - INFO - Using container kube-state-metrics for disk usage check in pod kube-state-metrics-66f58b585d-qvzh5
2025-04-15 10:32:03,441 - WARNING - Invalid or empty disk usage data from pod kube-state-metrics-66f58b585d-qvzh5
2025-04-15 10:32:03,454 - INFO - Metrics saved for pod kube-state-metrics-66f58b585d-qvzh5 in namespace monitoring
2025-04-15 10:32:03,539 - INFO - Using container node-exporter for disk usage check in pod node-exporter-48qtz
2025-04-15 10:32:03,634 - INFO - Metrics saved for pod node-exporter-48qtz in namespace monitoring
2025-04-15 10:32:03,741 - INFO - Using container node-exporter for disk usage check in pod node-exporter-5bd2g
2025-04-15 10:32:03,822 - INFO - Metrics saved for pod node-exporter-5bd2g in namespace monitoring
2025-04-15 10:32:03,907 - INFO - Using container node-exporter for disk usage check in pod node-exporter-zqtjl
2025-04-15 10:32:04,049 - INFO - Metrics saved for pod node-exporter-zqtjl in namespace monitoring
2025-04-15 10:32:04,181 - INFO - 10.244.0.0 - - [15/Apr/2025 10:32:04] "GET /api/pods HTTP/1.1" 200 -
2025-04-15 10:32:04,682 - INFO - Using container blackbox-exporter for disk usage check in pod blackbox-exporter-7645c7c966-drsjx
2025-04-15 10:32:05,041 - INFO - Metrics saved for pod blackbox-exporter-7645c7c966-drsjx in namespace monitoring
2025-04-15 10:32:05,129 - INFO - Using container podmon-monitor for disk usage check in pod dpl-podmon-d4797d4b6-qd9bp
2025-04-15 10:32:05,220 - INFO - Metrics saved for pod dpl-podmon-d4797d4b6-qd9bp in namespace monitoring
2025-04-15 10:32:05,444 - INFO - Using container kube-state-metrics for disk usage check in pod kube-state-metrics-66f58b585d-qvzh5
2025-04-15 10:32:05,521 - WARNING - Invalid or empty disk usage data from pod kube-state-metrics-66f58b585d-qvzh5
2025-04-15 10:32:05,534 - INFO - Metrics saved for pod kube-state-metrics-66f58b585d-qvzh5 in namespace monitoring
2025-04-15 10:32:05,620 - INFO - Using container node-exporter for disk usage check in pod node-exporter-48qtz
2025-04-15 10:32:05,712 - INFO - Metrics saved for pod node-exporter-48qtz in namespace monitoring
2025-04-15 10:32:05,801 - INFO - Using container node-exporter for disk usage check in pod node-exporter-5bd2g
2025-04-15 10:32:05,886 - INFO - Metrics saved for pod node-exporter-5bd2g in namespace monitoring
2025-04-15 10:32:05,976 - INFO - Using container node-exporter for disk usage check in pod node-exporter-zqtjl
2025-04-15 10:32:06,196 - INFO - Metrics saved for pod node-exporter-zqtjl in namespace monitoring
2025-04-15 10:32:06,328 - INFO - 10.244.0.0 - - [15/Apr/2025 10:32:06] "GET /api/pods HTTP/1.1" 200 -
2025-04-15 10:35:03,256 - INFO - Using container blackbox-exporter for disk usage check in pod blackbox-exporter-7645c7c966-drsjx
2025-04-15 10:35:03,743 - INFO - Metrics saved for pod blackbox-exporter-7645c7c966-drsjx in namespace monitoring
2025-04-15 10:35:03,841 - INFO - Using container podmon-monitor for disk usage check in pod dpl-podmon-d4797d4b6-qd9bp
2025-04-15 10:35:03,915 - INFO - Metrics saved for pod dpl-podmon-d4797d4b6-qd9bp in namespace monitoring
2025-04-15 10:35:04,105 - INFO - Using container kube-state-metrics for disk usage check in pod kube-state-metrics-66f58b585d-qvzh5
2025-04-15 10:35:04,255 - WARNING - Invalid or empty disk usage data from pod kube-state-metrics-66f58b585d-qvzh5
2025-04-15 10:35:04,268 - INFO - Metrics saved for pod kube-state-metrics-66f58b585d-qvzh5 in namespace monitoring
2025-04-15 10:35:04,425 - INFO - Using container node-exporter for disk usage check in pod node-exporter-48qtz
2025-04-15 10:35:04,515 - INFO - Metrics saved for pod node-exporter-48qtz in namespace monitoring
2025-04-15 10:35:04,760 - INFO - Using container node-exporter for disk usage check in pod node-exporter-5bd2g
2025-04-15 10:35:04,856 - INFO - Metrics saved for pod node-exporter-5bd2g in namespace monitoring
2025-04-15 10:35:04,951 - INFO - Using container node-exporter for disk usage check in pod node-exporter-zqtjl
2025-04-15 10:35:05,199 - INFO - Metrics saved for pod node-exporter-zqtjl in namespace monitoring
